Using launch settings from C:\AVS\tushgpt\backend\Properties\launchSettings.json...
Building...
[SEED] Superadmin user already has correct role.
fail: Microsoft.Extensions.Hosting.Internal.Host[11]
      Hosting failed to start
      System.IO.IOException: Failed to bind to address http://127.0.0.1:5118: address already in use.
       ---> Microsoft.AspNetCore.Connections.AddressInUseException: Only one usage of each socket address (protocol/network address/port) is normally permitted.
       ---> System.Net.Sockets.SocketException (10048): Only one usage of each socket address (protocol/network address/port) is normally permitted.
         at System.Net.Sockets.Socket.UpdateStatusAfterSocketErrorAndThrowException(SocketError error, Boolean disconnectOnFailure, String callerName)
         at System.Net.Sockets.Socket.DoBind(EndPoint endPointSnapshot, SocketAddress socketAddress)
         at System.Net.Sockets.Socket.Bind(EndPoint localEP)
         at Microsoft.AspNetCore.Server.Kestrel.Transport.Sockets.SocketTransportOptions.CreateDefaultBoundListenSocket(EndPoint endpoint)
         at Microsoft.AspNetCore.Server.Kestrel.Transport.Sockets.SocketConnectionListener.Bind()
         --- End of inner exception stack trace ---
         at Microsoft.AspNetCore.Server.Kestrel.Transport.Sockets.SocketConnectionListener.Bind()
         at Microsoft.AspNetCore.Server.Kestrel.Transport.Sockets.SocketTransportFactory.BindAsync(EndPoint endpoint, CancellationToken cancellationToken)
         at Microsoft.AspNetCore.Server.Kestrel.Core.Internal.Infrastructure.TransportManager.BindAsync(EndPoint endPoint, ConnectionDelegate connectionDelegate, EndpointConfig endpointConfig, CancellationToken cancellationToken)
         at Microsoft.AspNetCore.Server.Kestrel.Core.KestrelServerImpl.<>c__DisplayClass28_0`1.<<StartAsync>g__OnBind|0>d.MoveNext()
      --- End of stack trace from previous location ---
         at Microsoft.AspNetCore.Server.Kestrel.Core.Internal.AddressBinder.BindEndpointAsync(ListenOptions endpoint, AddressBindContext context, CancellationToken cancellationToken)
         --- End of inner exception stack trace ---
         at Microsoft.AspNetCore.Server.Kestrel.Core.Internal.AddressBinder.BindEndpointAsync(ListenOptions endpoint, AddressBindContext context, CancellationToken cancellationToken)
         at Microsoft.AspNetCore.Server.Kestrel.Core.LocalhostListenOptions.BindAsync(AddressBindContext context, CancellationToken cancellationToken)
         at Microsoft.AspNetCore.Server.Kestrel.Core.Internal.AddressBinder.AddressesStrategy.BindAsync(AddressBindContext context, CancellationToken cancellationToken)
         at Microsoft.AspNetCore.Server.Kestrel.Core.Internal.AddressBinder.BindAsync(ListenOptions[] listenOptions, AddressBindContext context, Func`2 useHttps, CancellationToken cancellationToken)
         at Microsoft.AspNetCore.Server.Kestrel.Core.KestrelServerImpl.BindAsync(CancellationToken cancellationToken)
         at Microsoft.AspNetCore.Server.Kestrel.Core.KestrelServerImpl.StartAsync[TContext](IHttpApplication`1 application, CancellationToken cancellationToken)
         at Microsoft.AspNetCore.Hosting.GenericWebHostService.StartAsync(CancellationToken cancellationToken)
         at Microsoft.Extensions.Hosting.Internal.Host.<StartAsync>b__15_1(IHostedService service, CancellationToken token)
         at Microsoft.Extensions.Hosting.Internal.Host.ForeachService[T](IEnumerable`1 services, CancellationToken token, Boolean concurrent, Boolean abortOnFirstException, List`1 exceptions, Func`3 operation)
dotnet : Unhandled exception. 
System.IO.IOException: Failed to bind to 
address http://127.0.0.1:5118: address 
already in use.
At line:1 char:1
+ dotnet run 2>&1 | Out-File 
full_error.log -Encoding utf8
+ ~~~~~~~~~~~~~~~
    + CategoryInfo          : NotSpecifi 
   ed: (Unhandled excep...already in us  
  e.:String) [], RemoteException
    + FullyQualifiedErrorId : NativeComm 
   andError
 
 ---> Microsoft.AspNetCore.Connections.Ad
dressInUseException: Only one usage of 
each socket address (protocol/network 
address/port) is normally permitted.
 ---> System.Net.Sockets.SocketException 
(10048): Only one usage of each socket 
address (protocol/network address/port) 
is normally permitted.
   at System.Net.Sockets.Socket.UpdateSta
tusAfterSocketErrorAndThrowException(Sock
etError error, Boolean 
disconnectOnFailure, String callerName)
   at System.Net.Sockets.Socket.DoBind(En
dPoint endPointSnapshot, SocketAddress 
socketAddress)
   at 
System.Net.Sockets.Socket.Bind(EndPoint 
localEP)
   at Microsoft.AspNetCore.Server.Kestrel
.Transport.Sockets.SocketTransportOptions
.CreateDefaultBoundListenSocket(EndPoint 
endpoint)
   at Microsoft.AspNetCore.Server.Kestrel
.Transport.Sockets.SocketConnectionListen
er.Bind()
   --- End of inner exception stack 
trace ---
   at Microsoft.AspNetCore.Server.Kestrel
.Transport.Sockets.SocketConnectionListen
er.Bind()
   at Microsoft.AspNetCore.Server.Kestrel
.Transport.Sockets.SocketTransportFactory
.BindAsync(EndPoint endpoint, 
CancellationToken cancellationToken)
   at Microsoft.AspNetCore.Server.Kestrel
.Core.Internal.Infrastructure.TransportMa
nager.BindAsync(EndPoint endPoint, 
ConnectionDelegate connectionDelegate, 
EndpointConfig endpointConfig, 
CancellationToken cancellationToken)
   at Microsoft.AspNetCore.Server.Kestrel
.Core.KestrelServerImpl.<>c__DisplayClass
28_0`1.<<StartAsync>g__OnBind|0>d.MoveNex
t()
--- End of stack trace from previous 
location ---
   at Microsoft.AspNetCore.Server.Kestrel
.Core.Internal.AddressBinder.BindEndpoint
Async(ListenOptions endpoint, 
AddressBindContext context, 
CancellationToken cancellationToken)
   --- End of inner exception stack 
trace ---
   at Microsoft.AspNetCore.Server.Kestrel
.Core.Internal.AddressBinder.BindEndpoint
Async(ListenOptions endpoint, 
AddressBindContext context, 
CancellationToken cancellationToken)
   at Microsoft.AspNetCore.Server.Kestrel
.Core.LocalhostListenOptions.BindAsync(Ad
dressBindContext context, 
CancellationToken cancellationToken)
   at Microsoft.AspNetCore.Server.Kestrel
.Core.Internal.AddressBinder.AddressesStr
ategy.BindAsync(AddressBindContext 
context, CancellationToken 
cancellationToken)
   at Microsoft.AspNetCore.Server.Kestrel
.Core.Internal.AddressBinder.BindAsync(Li
stenOptions[] listenOptions, 
AddressBindContext context, Func`2 
useHttps, CancellationToken 
cancellationToken)
   at Microsoft.AspNetCore.Server.Kestrel
.Core.KestrelServerImpl.BindAsync(Cancell
ationToken cancellationToken)
   at Microsoft.AspNetCore.Server.Kestrel
.Core.KestrelServerImpl.StartAsync[TConte
xt](IHttpApplication`1 application, 
CancellationToken cancellationToken)
   at Microsoft.AspNetCore.Hosting.Generi
cWebHostService.StartAsync(CancellationTo
ken cancellationToken)
   at Microsoft.Extensions.Hosting.Intern
al.Host.<StartAsync>b__15_1(IHostedServic
e service, CancellationToken token)
   at Microsoft.Extensions.Hosting.Intern
al.Host.ForeachService[T](IEnumerable`1 
services, CancellationToken token, 
Boolean concurrent, Boolean 
abortOnFirstException, List`1 
exceptions, Func`3 operation)
   at Microsoft.Extensions.Hosting.Intern
al.Host.StartAsync(CancellationToken 
cancellationToken)
   at Microsoft.Extensions.Hosting.Hostin
gAbstractionsHostExtensions.RunAsync(IHos
t host, CancellationToken token)
   at Microsoft.Extensions.Hosting.Hostin
gAbstractionsHostExtensions.RunAsync(IHos
t host, CancellationToken token)
   at Microsoft.Extensions.Hosting.Hostin
gAbstractionsHostExtensions.Run(IHost 
host)
   at Program.<Main>$(String[] args) in 
C:\AVS\tushgpt\backend\Program.cs:line 
310
   at Program.<Main>(String[] args)
